npm warn Unknown project config "sharp_binary_host". This will stop working in the next major version of npm.
npm warn Unknown project config "sharp_libvips_binary_host". This will stop working in the next major version of npm.

> nextn@0.1.0 dev
> next dev -p 9002

 ⚠ Attempted to load C:\Users\new user\Desktop\Crystaskill-main\Crystaskill-main\node_modules\next\next-swc-fallback\@next\swc-win32-x64-msvc\next-swc.win32-x64-msvc.node, but it was not installed
 ⚠ Attempted to load @next/swc-win32-x64-msvc, but it was not installed
 ⚠ Warning: Next.js inferred your workspace root, but it may not be correct.
 We detected multiple lockfiles and selected the directory of C:\Users\new user\Desktop\Crystaskill-main\package-lock.json as the root directory.
 To silence this warning, set `outputFileTracingRoot` in your Next.js config, or consider removing one of the lockfiles if it's not needed.
   See https://nextjs.org/docs/app/api-reference/config/next-config-js/output#caveats for more information.
 Detected additional lockfiles: 
   * C:\Users\new user\Desktop\Crystaskill-main\Crystaskill-main\package-lock.json

 ⨯ Failed to start server
Error: listen EADDRINUSE: address already in use :::9002
    at <unknown> (Error: listen EADDRINUSE: address already in use :::9002)
    at new Promise (<anonymous>) {
  code: 'EADDRINUSE',
  errno: -4091,
  syscall: 'listen',
  address: '::',
  port: 9002
}
[?25h
